[NX Daemon Server] - 2024-01-11T08:25:15.951Z - Started listening on: \\.\pipe\nx\C:\Users\prano\AppData\Local\Temp\b28212670b3c7f8eaa8b\d.sock
[NX Daemon Server] - 2024-01-11T08:25:15.954Z - [WATCHER]: Subscribed to changes within: c:\repo\UI-AuthenticationForm (native)
[NX Daemon Server] - 2024-01-11T08:25:15.956Z - Established a connection. Number of open connections: 1
[NX Daemon Server] - 2024-01-11T08:25:15.958Z - Closed a connection. Number of open connections: 0
[NX Daemon Server] - 2024-01-11T08:25:15.958Z - Established a connection. Number of open connections: 1
[NX Daemon Server] - 2024-01-11T08:25:15.960Z - [REQUEST]: Client Request for Project Graph Received
[NX Daemon Server] - 2024-01-11T08:25:15.961Z - [REQUEST]: Updated workspace context based on watched changes, recomputing project graph...
[NX Daemon Server] - 2024-01-11T08:25:15.962Z - [REQUEST]: 
[NX Daemon Server] - 2024-01-11T08:25:15.962Z - [REQUEST]: 
[NX Daemon Server] - 2024-01-11T08:25:16.132Z - [REQUEST]: Responding to the client. project-graph
[NX Daemon Server] - 2024-01-11T08:25:16.133Z - Time taken for 'total for creating and serializing project graph' 171.67070000013337ms
[NX Daemon Server] - 2024-01-11T08:25:16.135Z - Done responding to the client project-graph
[NX Daemon Server] - 2024-01-11T08:25:16.135Z - Handled REQUEST_PROJECT_GRAPH. Handling time: 172. Response time: 3.
[NX Daemon Server] - 2024-01-11T08:25:16.138Z - Closed a connection. Number of open connections: 0
[NX Daemon Server] - 2024-01-11T08:25:16.139Z - Established a connection. Number of open connections: 1
[NX Daemon Server] - 2024-01-11T08:25:16.139Z - Closed a connection. Number of open connections: 0
[NX Daemon Server] - 2024-01-11T08:25:16.140Z - Established a connection. Number of open connections: 1
[NX Daemon Server] - 2024-01-11T08:25:16.141Z - [REQUEST]: Responding to the client. handleRequestFileData
[NX Daemon Server] - 2024-01-11T08:25:16.142Z - Done responding to the client handleRequestFileData
[NX Daemon Server] - 2024-01-11T08:25:16.142Z - Handled REQUEST_FILE_DATA. Handling time: 0. Response time: 1.
[NX Daemon Server] - 2024-01-11T08:27:51.417Z - Established a connection. Number of open connections: 2
[NX Daemon Server] - 2024-01-11T08:27:51.418Z - Closed a connection. Number of open connections: 1
[NX Daemon Server] - 2024-01-11T08:27:51.418Z - Established a connection. Number of open connections: 2
[NX Daemon Server] - 2024-01-11T08:27:51.421Z - [REQUEST]: Client Request for Project Graph Received
[NX Daemon Server] - 2024-01-11T08:27:51.421Z - [REQUEST]: Responding to the client. project-graph
[NX Daemon Server] - 2024-01-11T08:27:51.422Z - Time taken for 'total for creating and serializing project graph' 0.26009999960660934ms
[NX Daemon Server] - 2024-01-11T08:27:51.423Z - Done responding to the client project-graph
[NX Daemon Server] - 2024-01-11T08:27:51.423Z - Handled REQUEST_PROJECT_GRAPH. Handling time: 0. Response time: 2.
[NX Daemon Server] - 2024-01-11T08:27:51.472Z - [REQUEST]: Responding to the client. handleHashTasks
[NX Daemon Server] - 2024-01-11T08:27:51.472Z - Done responding to the client handleHashTasks
[NX Daemon Server] - 2024-01-11T08:27:51.472Z - Handled HASH_TASKS. Handling time: 20. Response time: 0.
[NX Daemon Server] - 2024-01-11T08:27:52.090Z - Established a connection. Number of open connections: 3
[NX Daemon Server] - 2024-01-11T08:27:52.091Z - Closed a connection. Number of open connections: 2
[NX Daemon Server] - 2024-01-11T08:27:52.092Z - Established a connection. Number of open connections: 3
[NX Daemon Server] - 2024-01-11T08:27:52.095Z - [REQUEST]: Client Request for Project Graph Received
[NX Daemon Server] - 2024-01-11T08:27:52.096Z - [REQUEST]: Responding to the client. project-graph
[NX Daemon Server] - 2024-01-11T08:27:52.097Z - Time taken for 'total for creating and serializing project graph' 0.30310000013560057ms
[NX Daemon Server] - 2024-01-11T08:27:52.097Z - Done responding to the client project-graph
[NX Daemon Server] - 2024-01-11T08:27:52.097Z - Handled REQUEST_PROJECT_GRAPH. Handling time: 1. Response time: 1.
[NX Daemon Server] - 2024-01-11T08:28:02.558Z - [WATCHER]: Processing file changes in outputs
[NX Daemon Server] - 2024-01-11T08:28:02.608Z - [WATCHER]: Processing file changes in outputs
[NX Daemon Server] - 2024-01-11T08:28:02.669Z - [WATCHER]: Processing file changes in outputs
[NX Daemon Server] - 2024-01-11T08:36:18.192Z - [WATCHER]: Processing file changes in outputs
[NX Daemon Server] - 2024-01-11T08:36:18.194Z - [WATCHER]: src/app/auth/login/login.component.ts was modified
[NX Daemon Server] - 2024-01-11T08:36:18.302Z - [REQUEST]: Updated workspace context based on watched changes, recomputing project graph...
[NX Daemon Server] - 2024-01-11T08:36:18.302Z - [REQUEST]: src/app/auth/login/login.component.ts
[NX Daemon Server] - 2024-01-11T08:36:18.302Z - [REQUEST]: 
[NX Daemon Server] - 2024-01-11T08:36:18.369Z - Time taken for 'hash changed files from watcher' 0.23939999984577298ms
[NX Daemon Server] - 2024-01-11T08:36:19.257Z - [WATCHER]: Processing file changes in outputs
[NX Daemon Server] - 2024-01-11T08:37:19.516Z - [WATCHER]: Processing file changes in outputs
[NX Daemon Server] - 2024-01-11T08:37:19.595Z - [WATCHER]: Processing file changes in outputs
[NX Daemon Server] - 2024-01-11T08:45:12.238Z - Established a connection. Number of open connections: 4
[NX Daemon Server] - 2024-01-11T08:45:12.238Z - Closed a connection. Number of open connections: 3
[NX Daemon Server] - 2024-01-11T08:45:12.239Z - Established a connection. Number of open connections: 4
[NX Daemon Server] - 2024-01-11T08:45:12.241Z - [REQUEST]: Client Request for Project Graph Received
[NX Daemon Server] - 2024-01-11T08:45:12.241Z - [REQUEST]: Responding to the client. project-graph
[NX Daemon Server] - 2024-01-11T08:45:12.243Z - Time taken for 'total for creating and serializing project graph' 0.19719999935477972ms
[NX Daemon Server] - 2024-01-11T08:45:12.243Z - Done responding to the client project-graph
[NX Daemon Server] - 2024-01-11T08:45:12.243Z - Handled REQUEST_PROJECT_GRAPH. Handling time: 0. Response time: 2.
[NX Daemon Server] - 2024-01-11T08:45:50.650Z - Closed a connection. Number of open connections: 3
[NX Daemon Server] - 2024-01-11T08:46:06.806Z - Established a connection. Number of open connections: 4
[NX Daemon Server] - 2024-01-11T08:46:06.807Z - Closed a connection. Number of open connections: 3
[NX Daemon Server] - 2024-01-11T08:46:06.808Z - Established a connection. Number of open connections: 4
[NX Daemon Server] - 2024-01-11T08:46:06.810Z - [REQUEST]: Client Request for Project Graph Received
[NX Daemon Server] - 2024-01-11T08:46:06.810Z - [REQUEST]: Responding to the client. project-graph
[NX Daemon Server] - 2024-01-11T08:46:06.812Z - Time taken for 'total for creating and serializing project graph' 0.18899999931454659ms
[NX Daemon Server] - 2024-01-11T08:46:06.812Z - Done responding to the client project-graph
[NX Daemon Server] - 2024-01-11T08:46:06.812Z - Handled REQUEST_PROJECT_GRAPH. Handling time: 0. Response time: 2.
[NX Daemon Server] - 2024-01-11T08:46:11.467Z - Closed a connection. Number of open connections: 3
[NX Daemon Server] - 2024-01-11T08:46:11.508Z - [WATCHER]: Processing file changes in outputs
[NX Daemon Server] - 2024-01-11T08:46:11.509Z - [WATCHER]: 4 file(s) created or restored, 0 file(s) modified, 0 file(s) deleted
[NX Daemon Server] - 2024-01-11T08:46:11.624Z - [REQUEST]: Updated workspace context based on watched changes, recomputing project graph...
[NX Daemon Server] - 2024-01-11T08:46:11.625Z - [REQUEST]: src/app/auth/registry/registry.component.spec.ts,src/app/auth/registry/registry.component.css,src/app/auth/registry/registry.component.ts,src/app/auth/registry/registry.component.html
[NX Daemon Server] - 2024-01-11T08:46:11.625Z - [REQUEST]: 
[NX Daemon Server] - 2024-01-11T08:46:11.670Z - Time taken for 'hash changed files from watcher' 7.035499999299645ms
[NX Daemon Server] - 2024-01-11T08:50:09.119Z - [WATCHER]: Processing file changes in outputs
[NX Daemon Server] - 2024-01-11T08:50:09.121Z - [WATCHER]: 1 file(s) created or restored, 0 file(s) modified, 1 file(s) deleted
[NX Daemon Server] - 2024-01-11T08:50:09.229Z - [REQUEST]: Updated workspace context based on watched changes, recomputing project graph...
[NX Daemon Server] - 2024-01-11T08:50:09.229Z - [REQUEST]: src/app/auth/registry/registry.component.scss
[NX Daemon Server] - 2024-01-11T08:50:09.229Z - [REQUEST]: src/app/auth/registry/registry.component.css
[NX Daemon Server] - 2024-01-11T08:50:09.272Z - Time taken for 'hash changed files from watcher' 0.26740000024437904ms
[NX Daemon Server] - 2024-01-11T09:00:24.030Z - [WATCHER]: Processing file changes in outputs
[NX Daemon Server] - 2024-01-11T09:00:24.032Z - [WATCHER]: src/app/auth/registry/registry.component.html was modified
[NX Daemon Server] - 2024-01-11T09:00:24.234Z - [REQUEST]: Updated workspace context based on watched changes, recomputing project graph...
[NX Daemon Server] - 2024-01-11T09:00:24.234Z - [REQUEST]: src/app/auth/registry/registry.component.html
[NX Daemon Server] - 2024-01-11T09:00:24.234Z - [REQUEST]: 
[NX Daemon Server] - 2024-01-11T09:00:24.277Z - Time taken for 'hash changed files from watcher' 0.8514000000432134ms
[NX Daemon Server] - 2024-01-11T09:01:21.466Z - [WATCHER]: Processing file changes in outputs
[NX Daemon Server] - 2024-01-11T09:01:21.467Z - [WATCHER]: src/app/auth/registry/registry.component.ts was modified
[NX Daemon Server] - 2024-01-11T09:01:21.874Z - [REQUEST]: Updated workspace context based on watched changes, recomputing project graph...
[NX Daemon Server] - 2024-01-11T09:01:21.874Z - [REQUEST]: src/app/auth/registry/registry.component.ts
[NX Daemon Server] - 2024-01-11T09:01:21.874Z - [REQUEST]: 
[NX Daemon Server] - 2024-01-11T09:01:21.913Z - Time taken for 'hash changed files from watcher' 0.3579000001773238ms
[NX Daemon Server] - 2024-01-11T09:01:37.212Z - [WATCHER]: src/app/auth/registry/registry.component.html was modified
[NX Daemon Server] - 2024-01-11T09:01:37.212Z - [WATCHER]: Processing file changes in outputs
[NX Daemon Server] - 2024-01-11T09:01:38.023Z - [REQUEST]: Updated workspace context based on watched changes, recomputing project graph...
[NX Daemon Server] - 2024-01-11T09:01:38.023Z - [REQUEST]: src/app/auth/registry/registry.component.html
[NX Daemon Server] - 2024-01-11T09:01:38.023Z - [REQUEST]: 
[NX Daemon Server] - 2024-01-11T09:01:38.062Z - Time taken for 'hash changed files from watcher' 0.2543000001460314ms
[NX Daemon Server] - 2024-01-11T09:01:56.339Z - [WATCHER]: src/app/auth/registry/registry.component.html was modified
[NX Daemon Server] - 2024-01-11T09:01:56.339Z - [WATCHER]: Processing file changes in outputs
[NX Daemon Server] - 2024-01-11T09:01:57.942Z - [REQUEST]: Updated workspace context based on watched changes, recomputing project graph...
[NX Daemon Server] - 2024-01-11T09:01:57.942Z - [REQUEST]: src/app/auth/registry/registry.component.html
[NX Daemon Server] - 2024-01-11T09:01:57.942Z - [REQUEST]: 
[NX Daemon Server] - 2024-01-11T09:01:58.002Z - Time taken for 'hash changed files from watcher' 0.7366999993100762ms
[NX Daemon Server] - 2024-01-11T09:02:31.301Z - [WATCHER]: src/app/auth/registry/registry.component.ts was modified
[NX Daemon Server] - 2024-01-11T09:02:31.301Z - [WATCHER]: Processing file changes in outputs
[NX Daemon Server] - 2024-01-11T09:02:34.515Z - [REQUEST]: Updated workspace context based on watched changes, recomputing project graph...
[NX Daemon Server] - 2024-01-11T09:02:34.515Z - [REQUEST]: src/app/auth/registry/registry.component.ts
[NX Daemon Server] - 2024-01-11T09:02:34.515Z - [REQUEST]: 
[NX Daemon Server] - 2024-01-11T09:02:34.579Z - Time taken for 'hash changed files from watcher' 0.7812999999150634ms
[NX Daemon Server] - 2024-01-11T09:02:42.572Z - [WATCHER]: src/app/auth/registry/registry.component.ts was modified
[NX Daemon Server] - 2024-01-11T09:02:42.572Z - [WATCHER]: Processing file changes in outputs
[NX Daemon Server] - 2024-01-11T09:02:48.986Z - [REQUEST]: Updated workspace context based on watched changes, recomputing project graph...
[NX Daemon Server] - 2024-01-11T09:02:48.986Z - [REQUEST]: src/app/auth/registry/registry.component.ts
[NX Daemon Server] - 2024-01-11T09:02:48.986Z - [REQUEST]: 
[NX Daemon Server] - 2024-01-11T09:02:49.037Z - Time taken for 'hash changed files from watcher' 0.5115999998524785ms
[NX Daemon Server] - 2024-01-11T09:03:09.816Z - [WATCHER]: Processing file changes in outputs
[NX Daemon Server] - 2024-01-11T09:03:09.817Z - [WATCHER]: src/app/app.module.ts was modified
[NX Daemon Server] - 2024-01-11T09:03:10.243Z - [WATCHER]: Processing file changes in outputs
[NX Daemon Server] - 2024-01-11T09:03:10.307Z - [WATCHER]: Processing file changes in outputs
[NX Daemon Server] - 2024-01-11T09:03:10.370Z - [WATCHER]: Processing file changes in outputs
[NX Daemon Server] - 2024-01-11T09:03:16.218Z - [REQUEST]: Updated workspace context based on watched changes, recomputing project graph...
[NX Daemon Server] - 2024-01-11T09:03:16.218Z - [REQUEST]: src/app/app.module.ts
[NX Daemon Server] - 2024-01-11T09:03:16.219Z - [REQUEST]: 
[NX Daemon Server] - 2024-01-11T09:03:16.265Z - Time taken for 'hash changed files from watcher' 0.28110000025480986ms
[NX Daemon Server] - 2024-01-11T09:03:42.625Z - [WATCHER]: Processing file changes in outputs
[NX Daemon Server] - 2024-01-11T09:03:42.627Z - [WATCHER]: src/app/auth/registry/registry.component.ts was modified
[NX Daemon Server] - 2024-01-11T09:03:42.911Z - [WATCHER]: Processing file changes in outputs
[NX Daemon Server] - 2024-01-11T09:03:49.034Z - [REQUEST]: Updated workspace context based on watched changes, recomputing project graph...
[NX Daemon Server] - 2024-01-11T09:03:49.034Z - [REQUEST]: src/app/auth/registry/registry.component.ts
[NX Daemon Server] - 2024-01-11T09:03:49.034Z - [REQUEST]: 
[NX Daemon Server] - 2024-01-11T09:03:49.072Z - Time taken for 'hash changed files from watcher' 0.3597999997437ms
[NX Daemon Server] - 2024-01-11T09:03:59.520Z - [WATCHER]: src/app/auth/login/login.component.ts was modified
[NX Daemon Server] - 2024-01-11T09:03:59.521Z - [WATCHER]: Processing file changes in outputs
[NX Daemon Server] - 2024-01-11T09:03:59.790Z - [WATCHER]: Processing file changes in outputs
[NX Daemon Server] - 2024-01-11T09:04:05.924Z - [REQUEST]: Updated workspace context based on watched changes, recomputing project graph...
[NX Daemon Server] - 2024-01-11T09:04:05.924Z - [REQUEST]: src/app/auth/login/login.component.ts
[NX Daemon Server] - 2024-01-11T09:04:05.924Z - [REQUEST]: 
[NX Daemon Server] - 2024-01-11T09:04:05.965Z - Time taken for 'hash changed files from watcher' 0.8769000004976988ms
[NX Daemon Server] - 2024-01-11T09:05:00.047Z - [WATCHER]: Processing file changes in outputs
[NX Daemon Server] - 2024-01-11T09:05:00.126Z - [WATCHER]: Processing file changes in outputs
[NX Daemon Server] - 2024-01-11T09:09:25.258Z - [WATCHER]: src/app/auth/registry/registry.component.ts was modified
[NX Daemon Server] - 2024-01-11T09:09:25.258Z - [WATCHER]: Processing file changes in outputs
[NX Daemon Server] - 2024-01-11T09:09:25.544Z - [WATCHER]: Processing file changes in outputs
[NX Daemon Server] - 2024-01-11T09:09:31.663Z - [REQUEST]: Updated workspace context based on watched changes, recomputing project graph...
[NX Daemon Server] - 2024-01-11T09:09:31.663Z - [REQUEST]: src/app/auth/registry/registry.component.ts
[NX Daemon Server] - 2024-01-11T09:09:31.663Z - [REQUEST]: 
[NX Daemon Server] - 2024-01-11T09:09:31.701Z - Time taken for 'hash changed files from watcher' 0.25600000005215406ms
[NX Daemon Server] - 2024-01-11T09:09:45.757Z - [WATCHER]: Processing file changes in outputs
[NX Daemon Server] - 2024-01-11T09:09:45.758Z - [WATCHER]: src/app/auth/registry/registry.component.ts was modified
[NX Daemon Server] - 2024-01-11T09:09:45.991Z - [WATCHER]: Processing file changes in outputs
[NX Daemon Server] - 2024-01-11T09:09:52.165Z - [REQUEST]: Updated workspace context based on watched changes, recomputing project graph...
[NX Daemon Server] - 2024-01-11T09:09:52.165Z - [REQUEST]: src/app/auth/registry/registry.component.ts
[NX Daemon Server] - 2024-01-11T09:09:52.165Z - [REQUEST]: 
[NX Daemon Server] - 2024-01-11T09:09:52.218Z - Time taken for 'hash changed files from watcher' 0.5851999996230006ms
[NX Daemon Server] - 2024-01-11T09:10:33.487Z - [WATCHER]: src/app/app-routing.module.ts was modified
[NX Daemon Server] - 2024-01-11T09:10:33.488Z - [WATCHER]: Processing file changes in outputs
[NX Daemon Server] - 2024-01-11T09:10:33.722Z - [WATCHER]: Processing file changes in outputs
[NX Daemon Server] - 2024-01-11T09:10:39.900Z - [REQUEST]: Updated workspace context based on watched changes, recomputing project graph...
[NX Daemon Server] - 2024-01-11T09:10:39.900Z - [REQUEST]: src/app/app-routing.module.ts
[NX Daemon Server] - 2024-01-11T09:10:39.900Z - [REQUEST]: 
[NX Daemon Server] - 2024-01-11T09:10:39.961Z - Time taken for 'hash changed files from watcher' 0.7794999992474914ms
[NX Daemon Server] - 2024-01-11T09:10:57.477Z - [WATCHER]: src/app/auth/registry/registry.component.html was modified
[NX Daemon Server] - 2024-01-11T09:10:57.477Z - [WATCHER]: Processing file changes in outputs
[NX Daemon Server] - 2024-01-11T09:10:57.709Z - [WATCHER]: Processing file changes in outputs
[NX Daemon Server] - 2024-01-11T09:11:03.889Z - [REQUEST]: Updated workspace context based on watched changes, recomputing project graph...
[NX Daemon Server] - 2024-01-11T09:11:03.889Z - [REQUEST]: src/app/auth/registry/registry.component.html
[NX Daemon Server] - 2024-01-11T09:11:03.889Z - [REQUEST]: 
[NX Daemon Server] - 2024-01-11T09:11:03.929Z - Time taken for 'hash changed files from watcher' 0.37490000016987324ms
[NX Daemon Server] - 2024-01-11T09:11:57.928Z - [WATCHER]: Processing file changes in outputs
[NX Daemon Server] - 2024-01-11T09:11:57.992Z - [WATCHER]: Processing file changes in outputs
[NX Daemon Server] - 2024-01-11T09:11:58.088Z - [WATCHER]: Processing file changes in outputs
[NX Daemon Server] - 2024-01-11T09:11:58.152Z - [WATCHER]: Processing file changes in outputs
[NX Daemon Server] - 2024-01-11T09:43:51.925Z - [WATCHER]: Processing file changes in outputs
[NX Daemon Server] - 2024-01-11T09:43:51.927Z - [WATCHER]: src/app/auth/registry/registry.component.ts was modified
[NX Daemon Server] - 2024-01-11T09:43:52.288Z - [WATCHER]: Processing file changes in outputs
[NX Daemon Server] - 2024-01-11T09:43:58.342Z - [REQUEST]: Updated workspace context based on watched changes, recomputing project graph...
[NX Daemon Server] - 2024-01-11T09:43:58.342Z - [REQUEST]: src/app/auth/registry/registry.component.ts
[NX Daemon Server] - 2024-01-11T09:43:58.342Z - [REQUEST]: 
[NX Daemon Server] - 2024-01-11T09:43:58.381Z - Time taken for 'hash changed files from watcher' 0.8504999997094274ms
[NX Daemon Server] - 2024-01-11T09:44:52.597Z - [WATCHER]: Processing file changes in outputs
[NX Daemon Server] - 2024-01-11T09:45:12.148Z - [WATCHER]: Processing file changes in outputs
[NX Daemon Server] - 2024-01-11T09:45:12.150Z - [WATCHER]: src/app/auth/registry/registry.component.ts was modified
[NX Daemon Server] - 2024-01-11T09:45:12.387Z - [WATCHER]: Processing file changes in outputs
[NX Daemon Server] - 2024-01-11T09:45:18.562Z - [REQUEST]: Updated workspace context based on watched changes, recomputing project graph...
[NX Daemon Server] - 2024-01-11T09:45:18.562Z - [REQUEST]: src/app/auth/registry/registry.component.ts
[NX Daemon Server] - 2024-01-11T09:45:18.562Z - [REQUEST]: 
[NX Daemon Server] - 2024-01-11T09:45:18.609Z - Time taken for 'hash changed files from watcher' 0.39499999955296516ms
[NX Daemon Server] - 2024-01-11T09:46:12.624Z - [WATCHER]: Processing file changes in outputs
[NX Daemon Server] - 2024-01-11T09:46:24.318Z - [WATCHER]: src/app/auth/registry/registry.component.html was modified
[NX Daemon Server] - 2024-01-11T09:46:24.318Z - [WATCHER]: Processing file changes in outputs
[NX Daemon Server] - 2024-01-11T09:46:24.633Z - [WATCHER]: Processing file changes in outputs
[NX Daemon Server] - 2024-01-11T09:46:30.722Z - [REQUEST]: Updated workspace context based on watched changes, recomputing project graph...
[NX Daemon Server] - 2024-01-11T09:46:30.722Z - [REQUEST]: src/app/auth/registry/registry.component.html
[NX Daemon Server] - 2024-01-11T09:46:30.722Z - [REQUEST]: 
[NX Daemon Server] - 2024-01-11T09:46:30.763Z - Time taken for 'hash changed files from watcher' 0.8255000002682209ms
[NX Daemon Server] - 2024-01-11T09:46:54.822Z - [WATCHER]: Processing file changes in outputs
[NX Daemon Server] - 2024-01-11T09:46:54.824Z - [WATCHER]: src/app/auth/registry/registry.component.ts was modified
[NX Daemon Server] - 2024-01-11T09:46:55.093Z - [WATCHER]: Processing file changes in outputs
[NX Daemon Server] - 2024-01-11T09:47:01.234Z - [REQUEST]: Updated workspace context based on watched changes, recomputing project graph...
[NX Daemon Server] - 2024-01-11T09:47:01.234Z - [REQUEST]: src/app/auth/registry/registry.component.ts
[NX Daemon Server] - 2024-01-11T09:47:01.234Z - [REQUEST]: 
[NX Daemon Server] - 2024-01-11T09:47:01.295Z - Time taken for 'hash changed files from watcher' 0.4136000005528331ms
[NX Daemon Server] - 2024-01-11T09:47:25.685Z - [WATCHER]: Processing file changes in outputs
[NX Daemon Server] - 2024-01-11T09:47:25.687Z - [WATCHER]: src/app/auth/registry/registry.component.scss was modified
[NX Daemon Server] - 2024-01-11T09:47:26.005Z - [WATCHER]: Processing file changes in outputs
[NX Daemon Server] - 2024-01-11T09:47:32.088Z - [REQUEST]: Updated workspace context based on watched changes, recomputing project graph...
[NX Daemon Server] - 2024-01-11T09:47:32.088Z - [REQUEST]: src/app/auth/registry/registry.component.scss
[NX Daemon Server] - 2024-01-11T09:47:32.088Z - [REQUEST]: 
[NX Daemon Server] - 2024-01-11T09:47:32.142Z - Time taken for 'hash changed files from watcher' 0.7613999992609024ms
[NX Daemon Server] - 2024-01-11T09:47:59.020Z - [WATCHER]: src/app/forms/user-name-password/user-name-password.component.html was modified
[NX Daemon Server] - 2024-01-11T09:47:59.021Z - [WATCHER]: Processing file changes in outputs
[NX Daemon Server] - 2024-01-11T09:47:59.288Z - [WATCHER]: Processing file changes in outputs
[NX Daemon Server] - 2024-01-11T09:48:05.424Z - [REQUEST]: Updated workspace context based on watched changes, recomputing project graph...
[NX Daemon Server] - 2024-01-11T09:48:05.424Z - [REQUEST]: src/app/forms/user-name-password/user-name-password.component.html
[NX Daemon Server] - 2024-01-11T09:48:05.424Z - [REQUEST]: 
[NX Daemon Server] - 2024-01-11T09:48:05.474Z - Time taken for 'hash changed files from watcher' 0.775000000372529ms
[NX Daemon Server] - 2024-01-11T09:48:06.517Z - [WATCHER]: Processing file changes in outputs
[NX Daemon Server] - 2024-01-11T09:48:06.518Z - [WATCHER]: src/app/forms/user-name-password/user-name-password.component.scss was modified
[NX Daemon Server] - 2024-01-11T09:48:06.821Z - [WATCHER]: Processing file changes in outputs
[NX Daemon Server] - 2024-01-11T09:48:08.095Z - [WATCHER]: Processing file changes in outputs
[NX Daemon Server] - 2024-01-11T09:48:08.176Z - [WATCHER]: Processing file changes in outputs
[NX Daemon Server] - 2024-01-11T09:48:12.927Z - [REQUEST]: Updated workspace context based on watched changes, recomputing project graph...
[NX Daemon Server] - 2024-01-11T09:48:12.927Z - [REQUEST]: src/app/forms/user-name-password/user-name-password.component.scss
[NX Daemon Server] - 2024-01-11T09:48:12.928Z - [REQUEST]: 
[NX Daemon Server] - 2024-01-11T09:48:12.989Z - Time taken for 'hash changed files from watcher' 0.8118000002577901ms
[NX Daemon Server] - 2024-01-11T09:48:19.076Z - [WATCHER]: Processing file changes in outputs
[NX Daemon Server] - 2024-01-11T09:48:19.078Z - [WATCHER]: src/app/auth/registry/registry.component.scss was modified
[NX Daemon Server] - 2024-01-11T09:48:19.332Z - [WATCHER]: Processing file changes in outputs
[NX Daemon Server] - 2024-01-11T09:48:25.488Z - [REQUEST]: Updated workspace context based on watched changes, recomputing project graph...
[NX Daemon Server] - 2024-01-11T09:48:25.488Z - [REQUEST]: src/app/auth/registry/registry.component.scss
[NX Daemon Server] - 2024-01-11T09:48:25.488Z - [REQUEST]: 
[NX Daemon Server] - 2024-01-11T09:48:25.533Z - Time taken for 'hash changed files from watcher' 0.5340999998152256ms
[NX Daemon Server] - 2024-01-11T09:48:43.741Z - [WATCHER]: src/app/auth/registry/registry.component.html was modified
[NX Daemon Server] - 2024-01-11T09:48:43.741Z - [WATCHER]: Processing file changes in outputs
[NX Daemon Server] - 2024-01-11T09:48:43.993Z - [WATCHER]: Processing file changes in outputs
[NX Daemon Server] - 2024-01-11T09:48:50.153Z - [REQUEST]: Updated workspace context based on watched changes, recomputing project graph...
[NX Daemon Server] - 2024-01-11T09:48:50.154Z - [REQUEST]: src/app/auth/registry/registry.component.html
[NX Daemon Server] - 2024-01-11T09:48:50.154Z - [REQUEST]: 
[NX Daemon Server] - 2024-01-11T09:48:50.204Z - Time taken for 'hash changed files from watcher' 0.4647000003606081ms
[NX Daemon Server] - 2024-01-11T09:49:36.134Z - [WATCHER]: Processing file changes in outputs
[NX Daemon Server] - 2024-01-11T09:49:36.136Z - [WATCHER]: src/app/auth/registry/registry.component.html was modified
[NX Daemon Server] - 2024-01-11T09:49:36.388Z - [WATCHER]: Processing file changes in outputs
[NX Daemon Server] - 2024-01-11T09:49:42.538Z - [REQUEST]: Updated workspace context based on watched changes, recomputing project graph...
[NX Daemon Server] - 2024-01-11T09:49:42.538Z - [REQUEST]: src/app/auth/registry/registry.component.html
[NX Daemon Server] - 2024-01-11T09:49:42.538Z - [REQUEST]: 
[NX Daemon Server] - 2024-01-11T09:49:42.585Z - Time taken for 'hash changed files from watcher' 0.37139999959617853ms
[NX Daemon Server] - 2024-01-11T09:50:18.283Z - [WATCHER]: src/app/auth/registry/registry.component.html was modified
[NX Daemon Server] - 2024-01-11T09:50:18.284Z - [WATCHER]: Processing file changes in outputs
[NX Daemon Server] - 2024-01-11T09:50:18.504Z - [WATCHER]: Processing file changes in outputs
[NX Daemon Server] - 2024-01-11T09:50:23.153Z - [WATCHER]: Processing file changes in outputs
[NX Daemon Server] - 2024-01-11T09:50:23.155Z - [WATCHER]: src/app/auth/registry/registry.component.html was modified
[NX Daemon Server] - 2024-01-11T09:50:23.345Z - [WATCHER]: Processing file changes in outputs
[NX Daemon Server] - 2024-01-11T09:50:24.692Z - [REQUEST]: Updated workspace context based on watched changes, recomputing project graph...
[NX Daemon Server] - 2024-01-11T09:50:24.692Z - [REQUEST]: src/app/auth/registry/registry.component.html
[NX Daemon Server] - 2024-01-11T09:50:24.692Z - [REQUEST]: 
[NX Daemon Server] - 2024-01-11T09:50:24.740Z - Time taken for 'hash changed files from watcher' 0.33700000029057264ms
[NX Daemon Server] - 2024-01-11T09:51:23.550Z - [WATCHER]: Processing file changes in outputs
[NX Daemon Server] - 2024-01-11T09:51:33.313Z - [WATCHER]: Processing file changes in outputs
[NX Daemon Server] - 2024-01-11T09:51:33.314Z - [WATCHER]: src/app/auth/login/login.component.scss was modified
[NX Daemon Server] - 2024-01-11T09:51:33.697Z - [WATCHER]: Processing file changes in outputs
[NX Daemon Server] - 2024-01-11T09:51:38.414Z - [WATCHER]: src/app/auth/login/login.component.scss was modified
[NX Daemon Server] - 2024-01-11T09:51:38.415Z - [WATCHER]: Processing file changes in outputs
[NX Daemon Server] - 2024-01-11T09:51:39.728Z - [REQUEST]: Updated workspace context based on watched changes, recomputing project graph...
[NX Daemon Server] - 2024-01-11T09:51:39.728Z - [REQUEST]: src/app/auth/login/login.component.scss
[NX Daemon Server] - 2024-01-11T09:51:39.728Z - [REQUEST]: 
[NX Daemon Server] - 2024-01-11T09:51:39.770Z - Time taken for 'hash changed files from watcher' 0.29490000009536743ms
[NX Daemon Server] - 2024-01-11T09:51:45.541Z - [WATCHER]: src/app/auth/login/login.component.html was modified
[NX Daemon Server] - 2024-01-11T09:51:45.541Z - [WATCHER]: Processing file changes in outputs
[NX Daemon Server] - 2024-01-11T09:51:45.698Z - [WATCHER]: Processing file changes in outputs
[NX Daemon Server] - 2024-01-11T09:51:51.943Z - [REQUEST]: Updated workspace context based on watched changes, recomputing project graph...
[NX Daemon Server] - 2024-01-11T09:51:51.943Z - [REQUEST]: src/app/auth/login/login.component.html
[NX Daemon Server] - 2024-01-11T09:51:51.943Z - [REQUEST]: 
[NX Daemon Server] - 2024-01-11T09:51:51.983Z - Time taken for 'hash changed files from watcher' 0.4469999987632036ms
[NX Daemon Server] - 2024-01-11T09:52:45.899Z - [WATCHER]: Processing file changes in outputs
[NX Daemon Server] - 2024-01-11T09:52:45.979Z - [WATCHER]: Processing file changes in outputs
[NX Daemon Server] - 2024-01-11T09:59:53.437Z - [WATCHER]: Processing file changes in outputs
[NX Daemon Server] - 2024-01-11T09:59:53.439Z - [WATCHER]: src/app/auth/registry/registry.component.scss was modified
[NX Daemon Server] - 2024-01-11T09:59:53.739Z - [WATCHER]: Processing file changes in outputs
[NX Daemon Server] - 2024-01-11T09:59:59.852Z - [REQUEST]: Updated workspace context based on watched changes, recomputing project graph...
[NX Daemon Server] - 2024-01-11T09:59:59.853Z - [REQUEST]: src/app/auth/registry/registry.component.scss
[NX Daemon Server] - 2024-01-11T09:59:59.853Z - [REQUEST]: 
[NX Daemon Server] - 2024-01-11T09:59:59.898Z - Time taken for 'hash changed files from watcher' 0.24929999932646751ms
[NX Daemon Server] - 2024-01-11T10:00:53.942Z - [WATCHER]: Processing file changes in outputs
[NX Daemon Server] - 2024-01-11T10:01:15.768Z - [WATCHER]: src/app/auth/registry/registry.component.html was modified
[NX Daemon Server] - 2024-01-11T10:01:15.769Z - [WATCHER]: Processing file changes in outputs
[NX Daemon Server] - 2024-01-11T10:01:16.022Z - [WATCHER]: Processing file changes in outputs
[NX Daemon Server] - 2024-01-11T10:01:22.084Z - [WATCHER]: Processing file changes in outputs
[NX Daemon Server] - 2024-01-11T10:01:22.086Z - [WATCHER]: src/app/auth/registry/registry.component.scss was modified
[NX Daemon Server] - 2024-01-11T10:01:22.181Z - [REQUEST]: Updated workspace context based on watched changes, recomputing project graph...
[NX Daemon Server] - 2024-01-11T10:01:22.181Z - [REQUEST]: src/app/auth/registry/registry.component.html,src/app/auth/registry/registry.component.scss
[NX Daemon Server] - 2024-01-11T10:01:22.181Z - [REQUEST]: 
[NX Daemon Server] - 2024-01-11T10:01:22.230Z - Time taken for 'hash changed files from watcher' 1.3691000007092953ms
[NX Daemon Server] - 2024-01-11T10:01:22.339Z - [WATCHER]: Processing file changes in outputs
[NX Daemon Server] - 2024-01-11T10:02:22.542Z - [WATCHER]: Processing file changes in outputs
[NX Daemon Server] - 2024-01-11T10:03:21.932Z - [WATCHER]: Processing file changes in outputs
[NX Daemon Server] - 2024-01-11T10:03:21.934Z - [WATCHER]: src/app/auth/registry/registry.component.scss was modified
[NX Daemon Server] - 2024-01-11T10:03:22.218Z - [WATCHER]: Processing file changes in outputs
[NX Daemon Server] - 2024-01-11T10:03:28.335Z - [REQUEST]: Updated workspace context based on watched changes, recomputing project graph...
[NX Daemon Server] - 2024-01-11T10:03:28.335Z - [REQUEST]: src/app/auth/registry/registry.component.scss
[NX Daemon Server] - 2024-01-11T10:03:28.335Z - [REQUEST]: 
[NX Daemon Server] - 2024-01-11T10:03:28.387Z - Time taken for 'hash changed files from watcher' 0.44140000082552433ms
[NX Daemon Server] - 2024-01-11T10:03:43.071Z - [WATCHER]: src/app/auth/registry/registry.component.html was modified
[NX Daemon Server] - 2024-01-11T10:03:43.071Z - [WATCHER]: Processing file changes in outputs
[NX Daemon Server] - 2024-01-11T10:03:43.308Z - [WATCHER]: Processing file changes in outputs
[NX Daemon Server] - 2024-01-11T10:03:49.231Z - [WATCHER]: Processing file changes in outputs
[NX Daemon Server] - 2024-01-11T10:03:49.233Z - [WATCHER]: src/app/auth/registry/registry.component.html was modified
[NX Daemon Server] - 2024-01-11T10:03:49.468Z - [WATCHER]: Processing file changes in outputs
[NX Daemon Server] - 2024-01-11T10:03:49.485Z - [REQUEST]: Updated workspace context based on watched changes, recomputing project graph...
[NX Daemon Server] - 2024-01-11T10:03:49.485Z - [REQUEST]: src/app/auth/registry/registry.component.html
[NX Daemon Server] - 2024-01-11T10:03:49.485Z - [REQUEST]: 
[NX Daemon Server] - 2024-01-11T10:03:49.522Z - Time taken for 'hash changed files from watcher' 0.30599999986588955ms
[NX Daemon Server] - 2024-01-11T10:04:49.636Z - [WATCHER]: Processing file changes in outputs
[NX Daemon Server] - 2024-01-11T10:09:20.189Z - [WATCHER]: src/app/auth/registry/registry.component.scss was modified
[NX Daemon Server] - 2024-01-11T10:09:20.189Z - [WATCHER]: Processing file changes in outputs
[NX Daemon Server] - 2024-01-11T10:09:20.505Z - [WATCHER]: Processing file changes in outputs
[NX Daemon Server] - 2024-01-11T10:09:26.595Z - [REQUEST]: Updated workspace context based on watched changes, recomputing project graph...
[NX Daemon Server] - 2024-01-11T10:09:26.595Z - [REQUEST]: src/app/auth/registry/registry.component.scss
[NX Daemon Server] - 2024-01-11T10:09:26.595Z - [REQUEST]: 
[NX Daemon Server] - 2024-01-11T10:09:26.654Z - Time taken for 'hash changed files from watcher' 0.5903000012040138ms
[NX Daemon Server] - 2024-01-11T10:09:33.575Z - [WATCHER]: src/app/auth/registry/registry.component.scss was modified
[NX Daemon Server] - 2024-01-11T10:09:33.575Z - [WATCHER]: Processing file changes in outputs
[NX Daemon Server] - 2024-01-11T10:09:33.829Z - [WATCHER]: Processing file changes in outputs
[NX Daemon Server] - 2024-01-11T10:09:39.980Z - [REQUEST]: Updated workspace context based on watched changes, recomputing project graph...
[NX Daemon Server] - 2024-01-11T10:09:39.980Z - [REQUEST]: src/app/auth/registry/registry.component.scss
[NX Daemon Server] - 2024-01-11T10:09:39.980Z - [REQUEST]: 
[NX Daemon Server] - 2024-01-11T10:09:40.019Z - Time taken for 'hash changed files from watcher' 0.7741999998688698ms
[NX Daemon Server] - 2024-01-11T10:10:27.504Z - [WATCHER]: src/app/auth/registry/registry.component.scss was modified
[NX Daemon Server] - 2024-01-11T10:10:27.505Z - [WATCHER]: Processing file changes in outputs
[NX Daemon Server] - 2024-01-11T10:10:27.759Z - [WATCHER]: Processing file changes in outputs
[NX Daemon Server] - 2024-01-11T10:10:28.983Z - [WATCHER]: Processing file changes in outputs
[NX Daemon Server] - 2024-01-11T10:10:33.907Z - [REQUEST]: Updated workspace context based on watched changes, recomputing project graph...
[NX Daemon Server] - 2024-01-11T10:10:33.907Z - [REQUEST]: src/app/auth/registry/registry.component.scss
[NX Daemon Server] - 2024-01-11T10:10:33.907Z - [REQUEST]: 
[NX Daemon Server] - 2024-01-11T10:10:33.952Z - Time taken for 'hash changed files from watcher' 0.9253000002354383ms
[NX Daemon Server] - 2024-01-11T10:11:34.194Z - [WATCHER]: src/app/auth/registry/registry.component.html was modified
[NX Daemon Server] - 2024-01-11T10:11:34.194Z - [WATCHER]: Processing file changes in outputs
[NX Daemon Server] - 2024-01-11T10:11:34.447Z - [WATCHER]: Processing file changes in outputs
[NX Daemon Server] - 2024-01-11T10:11:40.604Z - [REQUEST]: Updated workspace context based on watched changes, recomputing project graph...
[NX Daemon Server] - 2024-01-11T10:11:40.604Z - [REQUEST]: src/app/auth/registry/registry.component.html
[NX Daemon Server] - 2024-01-11T10:11:40.605Z - [REQUEST]: 
[NX Daemon Server] - 2024-01-11T10:11:40.642Z - Time taken for 'hash changed files from watcher' 0.7926000002771616ms
[NX Daemon Server] - 2024-01-11T10:11:51.338Z - [WATCHER]: Processing file changes in outputs
[NX Daemon Server] - 2024-01-11T10:11:51.339Z - [WATCHER]: src/app/auth/registry/registry.component.scss was modified
[NX Daemon Server] - 2024-01-11T10:11:51.593Z - [WATCHER]: Processing file changes in outputs
[NX Daemon Server] - 2024-01-11T10:11:57.742Z - [REQUEST]: Updated workspace context based on watched changes, recomputing project graph...
[NX Daemon Server] - 2024-01-11T10:11:57.743Z - [REQUEST]: src/app/auth/registry/registry.component.scss
[NX Daemon Server] - 2024-01-11T10:11:57.743Z - [REQUEST]: 
[NX Daemon Server] - 2024-01-11T10:11:57.786Z - Time taken for 'hash changed files from watcher' 0.811999998986721ms
[NX Daemon Server] - 2024-01-11T10:12:09.717Z - [WATCHER]: src/app/auth/registry/registry.component.scss was modified
[NX Daemon Server] - 2024-01-11T10:12:09.718Z - [WATCHER]: Processing file changes in outputs
[NX Daemon Server] - 2024-01-11T10:12:09.984Z - [WATCHER]: Processing file changes in outputs
[NX Daemon Server] - 2024-01-11T10:12:11.195Z - [WATCHER]: Processing file changes in outputs
[NX Daemon Server] - 2024-01-11T10:12:15.877Z - [WATCHER]: Processing file changes in outputs
[NX Daemon Server] - 2024-01-11T10:12:15.879Z - [WATCHER]: src/app/auth/registry/registry.component.scss was modified
[NX Daemon Server] - 2024-01-11T10:12:16.132Z - [REQUEST]: Updated workspace context based on watched changes, recomputing project graph...
[NX Daemon Server] - 2024-01-11T10:12:16.132Z - [REQUEST]: src/app/auth/registry/registry.component.scss
[NX Daemon Server] - 2024-01-11T10:12:16.132Z - [REQUEST]: 
[NX Daemon Server] - 2024-01-11T10:12:16.172Z - [WATCHER]: Processing file changes in outputs
[NX Daemon Server] - 2024-01-11T10:12:16.172Z - Time taken for 'hash changed files from watcher' 0.27280000038444996ms
[NX Daemon Server] - 2024-01-11T10:12:34.015Z - [WATCHER]: Processing file changes in outputs
[NX Daemon Server] - 2024-01-11T10:12:34.017Z - [WATCHER]: src/app/auth/registry/registry.component.html was modified
[NX Daemon Server] - 2024-01-11T10:12:34.254Z - [WATCHER]: Processing file changes in outputs
[NX Daemon Server] - 2024-01-11T10:12:40.430Z - [REQUEST]: Updated workspace context based on watched changes, recomputing project graph...
[NX Daemon Server] - 2024-01-11T10:12:40.431Z - [REQUEST]: src/app/auth/registry/registry.component.html
[NX Daemon Server] - 2024-01-11T10:12:40.431Z - [REQUEST]: 
[NX Daemon Server] - 2024-01-11T10:12:40.472Z - Time taken for 'hash changed files from watcher' 0.8694000001996756ms
[NX Daemon Server] - 2024-01-11T10:13:34.458Z - [WATCHER]: Processing file changes in outputs
[NX Daemon Server] - 2024-01-11T10:19:21.880Z - [WATCHER]: Processing file changes in outputs
[NX Daemon Server] - 2024-01-11T10:19:21.881Z - [WATCHER]: src/app/auth/registry/registry.component.html was modified
[NX Daemon Server] - 2024-01-11T10:19:28.295Z - [REQUEST]: Updated workspace context based on watched changes, recomputing project graph...
[NX Daemon Server] - 2024-01-11T10:19:28.296Z - [REQUEST]: src/app/auth/registry/registry.component.html
[NX Daemon Server] - 2024-01-11T10:19:28.296Z - [REQUEST]: 
[NX Daemon Server] - 2024-01-11T10:19:28.357Z - Time taken for 'hash changed files from watcher' 0.9510999992489815ms
[NX Daemon Server] - 2024-01-11T10:19:54.313Z - [WATCHER]: Processing file changes in outputs
[NX Daemon Server] - 2024-01-11T10:19:54.314Z - [WATCHER]: src/app/forms/user-name-password/user-name-password.component.ts was modified
[NX Daemon Server] - 2024-01-11T10:19:54.585Z - [WATCHER]: Processing file changes in outputs
[NX Daemon Server] - 2024-01-11T10:19:55.860Z - [WATCHER]: Processing file changes in outputs
[NX Daemon Server] - 2024-01-11T10:19:56.012Z - [WATCHER]: Processing file changes in outputs
[NX Daemon Server] - 2024-01-11T10:19:56.092Z - [WATCHER]: Processing file changes in outputs
[NX Daemon Server] - 2024-01-11T10:20:00.729Z - [REQUEST]: Updated workspace context based on watched changes, recomputing project graph...
[NX Daemon Server] - 2024-01-11T10:20:00.729Z - [REQUEST]: src/app/forms/user-name-password/user-name-password.component.ts
[NX Daemon Server] - 2024-01-11T10:20:00.729Z - [REQUEST]: 
[NX Daemon Server] - 2024-01-11T10:20:00.803Z - Time taken for 'hash changed files from watcher' 0.2256000004708767ms
[NX Daemon Server] - 2024-01-11T10:25:10.300Z - [WATCHER]: src/app/auth/registry/registry.component.ts was modified
[NX Daemon Server] - 2024-01-11T10:25:10.300Z - [WATCHER]: Processing file changes in outputs
[NX Daemon Server] - 2024-01-11T10:25:10.665Z - [WATCHER]: Processing file changes in outputs
[NX Daemon Server] - 2024-01-11T10:25:16.701Z - [REQUEST]: Updated workspace context based on watched changes, recomputing project graph...
[NX Daemon Server] - 2024-01-11T10:25:16.701Z - [REQUEST]: src/app/auth/registry/registry.component.ts
[NX Daemon Server] - 2024-01-11T10:25:16.701Z - [REQUEST]: 
[NX Daemon Server] - 2024-01-11T10:25:16.765Z - Time taken for 'hash changed files from watcher' 0.7609000001102686ms
[NX Daemon Server] - 2024-01-11T10:26:10.922Z - [WATCHER]: Processing file changes in outputs
[NX Daemon Server] - 2024-01-11T10:26:35.366Z - [WATCHER]: src/app/auth/registry/registry.component.ts was modified
[NX Daemon Server] - 2024-01-11T10:26:35.366Z - [WATCHER]: Processing file changes in outputs
[NX Daemon Server] - 2024-01-11T10:26:35.667Z - [WATCHER]: Processing file changes in outputs
[NX Daemon Server] - 2024-01-11T10:26:41.769Z - [REQUEST]: Updated workspace context based on watched changes, recomputing project graph...
[NX Daemon Server] - 2024-01-11T10:26:41.769Z - [REQUEST]: src/app/auth/registry/registry.component.ts
[NX Daemon Server] - 2024-01-11T10:26:41.769Z - [REQUEST]: 
[NX Daemon Server] - 2024-01-11T10:26:41.812Z - Time taken for 'hash changed files from watcher' 0.3172000013291836ms
[NX Daemon Server] - 2024-01-11T10:27:35.917Z - [WATCHER]: Processing file changes in outputs
[NX Daemon Server] - 2024-01-11T10:29:05.231Z - [WATCHER]: Processing file changes in outputs
[NX Daemon Server] - 2024-01-11T10:29:05.234Z - [WATCHER]: src/app/auth/registry/registry.component.ts was modified
[NX Daemon Server] - 2024-01-11T10:29:05.548Z - [WATCHER]: Processing file changes in outputs
[NX Daemon Server] - 2024-01-11T10:29:11.647Z - [REQUEST]: Updated workspace context based on watched changes, recomputing project graph...
[NX Daemon Server] - 2024-01-11T10:29:11.647Z - [REQUEST]: src/app/auth/registry/registry.component.ts
[NX Daemon Server] - 2024-01-11T10:29:11.647Z - [REQUEST]: 
[NX Daemon Server] - 2024-01-11T10:29:11.687Z - Time taken for 'hash changed files from watcher' 0.7931999992579222ms
[NX Daemon Server] - 2024-01-11T10:30:05.793Z - [WATCHER]: Processing file changes in outputs
[NX Daemon Server] - 2024-01-11T10:31:05.994Z - [WATCHER]: src/app/auth/registry/registry.component.ts was modified
[NX Daemon Server] - 2024-01-11T10:31:05.994Z - [WATCHER]: Processing file changes in outputs
[NX Daemon Server] - 2024-01-11T10:31:06.294Z - [WATCHER]: Processing file changes in outputs
[NX Daemon Server] - 2024-01-11T10:31:12.397Z - [REQUEST]: Updated workspace context based on watched changes, recomputing project graph...
[NX Daemon Server] - 2024-01-11T10:31:12.397Z - [REQUEST]: src/app/auth/registry/registry.component.ts
[NX Daemon Server] - 2024-01-11T10:31:12.397Z - [REQUEST]: 
[NX Daemon Server] - 2024-01-11T10:31:12.437Z - Time taken for 'hash changed files from watcher' 0.2381999995559454ms
[NX Daemon Server] - 2024-01-11T10:32:06.526Z - [WATCHER]: Processing file changes in outputs
[NX Daemon Server] - 2024-01-11T10:33:10.140Z - [WATCHER]: src/app/auth/registry/registry.component.ts was modified
[NX Daemon Server] - 2024-01-11T10:33:10.141Z - [WATCHER]: Processing file changes in outputs
[NX Daemon Server] - 2024-01-11T10:33:10.473Z - [WATCHER]: Processing file changes in outputs
[NX Daemon Server] - 2024-01-11T10:33:11.719Z - [WATCHER]: Processing file changes in outputs
[NX Daemon Server] - 2024-01-11T10:33:16.551Z - [REQUEST]: Updated workspace context based on watched changes, recomputing project graph...
[NX Daemon Server] - 2024-01-11T10:33:16.551Z - [REQUEST]: src/app/auth/registry/registry.component.ts
[NX Daemon Server] - 2024-01-11T10:33:16.551Z - [REQUEST]: 
[NX Daemon Server] - 2024-01-11T10:33:16.591Z - Time taken for 'hash changed files from watcher' 0.7641000002622604ms
[NX Daemon Server] - 2024-01-11T10:40:21.725Z - Established a connection. Number of open connections: 4
[NX Daemon Server] - 2024-01-11T10:40:21.725Z - Closed a connection. Number of open connections: 3
[NX Daemon Server] - 2024-01-11T10:40:21.726Z - Established a connection. Number of open connections: 4
[NX Daemon Server] - 2024-01-11T10:40:21.729Z - [REQUEST]: Client Request for Project Graph Received
[NX Daemon Server] - 2024-01-11T10:40:21.729Z - [REQUEST]: Responding to the client. project-graph
[NX Daemon Server] - 2024-01-11T10:40:21.730Z - Time taken for 'total for creating and serializing project graph' 0.20930000022053719ms
[NX Daemon Server] - 2024-01-11T10:40:21.730Z - Done responding to the client project-graph
[NX Daemon Server] - 2024-01-11T10:40:21.731Z - Handled REQUEST_PROJECT_GRAPH. Handling time: 0. Response time: 2.
[NX Daemon Server] - 2024-01-11T10:40:26.292Z - Closed a connection. Number of open connections: 3
[NX Daemon Server] - 2024-01-11T10:40:26.340Z - [WATCHER]: Processing file changes in outputs
[NX Daemon Server] - 2024-01-11T10:40:26.342Z - [WATCHER]: 4 file(s) created or restored, 0 file(s) modified, 0 file(s) deleted
[NX Daemon Server] - 2024-01-11T10:40:26.457Z - [REQUEST]: Updated workspace context based on watched changes, recomputing project graph...
[NX Daemon Server] - 2024-01-11T10:40:26.457Z - [REQUEST]: src/app/auth/common/forms/user-name-password/user-name-password.component.scss,src/app/auth/common/forms/user-name-password/user-name-password.component.html,src/app/auth/common/forms/user-name-password/user-name-password.component.spec.ts,src/app/auth/common/forms/user-name-password/user-name-password.component.ts
[NX Daemon Server] - 2024-01-11T10:40:26.457Z - [REQUEST]: 
[NX Daemon Server] - 2024-01-11T10:40:26.496Z - Time taken for 'hash changed files from watcher' 5.264800000935793ms
[NX Daemon Server] - 2024-01-11T10:42:30.782Z - [WATCHER]: 0 file(s) created or restored, 0 file(s) modified, 7 file(s) deleted
[NX Daemon Server] - 2024-01-11T10:42:30.783Z - [WATCHER]: Processing file changes in outputs
[NX Daemon Server] - 2024-01-11T10:42:30.985Z - [REQUEST]: Updated workspace context based on watched changes, recomputing project graph...
[NX Daemon Server] - 2024-01-11T10:42:30.985Z - [REQUEST]: 
[NX Daemon Server] - 2024-01-11T10:42:30.985Z - [REQUEST]: src/app/auth/common/forms,src/app/auth/common/forms/user-name-password/user-name-password.component.html,src/app/auth/common/forms/user-name-password/user-name-password.component.spec.ts,src/app/auth/common/forms/user-name-password/user-name-password.component.ts,src/app/auth/common/forms/user-name-password/user-name-password.component.scss,src/app/auth/common,src/app/auth/common/forms/user-name-password
[NX Daemon Server] - 2024-01-11T10:42:31.028Z - Time taken for 'hash changed files from watcher' 0.23029999993741512ms
[NX Daemon Server] - 2024-01-11T10:43:57.210Z - Established a connection. Number of open connections: 4
[NX Daemon Server] - 2024-01-11T10:43:57.211Z - Closed a connection. Number of open connections: 3
[NX Daemon Server] - 2024-01-11T10:43:57.212Z - Established a connection. Number of open connections: 4
[NX Daemon Server] - 2024-01-11T10:43:57.214Z - [REQUEST]: Client Request for Project Graph Received
[NX Daemon Server] - 2024-01-11T10:43:57.215Z - [REQUEST]: Responding to the client. project-graph
[NX Daemon Server] - 2024-01-11T10:43:57.216Z - Time taken for 'total for creating and serializing project graph' 0.23420000076293945ms
[NX Daemon Server] - 2024-01-11T10:43:57.216Z - Done responding to the client project-graph
[NX Daemon Server] - 2024-01-11T10:43:57.216Z - Handled REQUEST_PROJECT_GRAPH. Handling time: 1. Response time: 1.
[NX Daemon Server] - 2024-01-11T10:44:01.484Z - Closed a connection. Number of open connections: 3
[NX Daemon Server] - 2024-01-11T10:44:01.532Z - [WATCHER]: 4 file(s) created or restored, 0 file(s) modified, 0 file(s) deleted
[NX Daemon Server] - 2024-01-11T10:44:01.533Z - [WATCHER]: Processing file changes in outputs
[NX Daemon Server] - 2024-01-11T10:44:01.640Z - [REQUEST]: Updated workspace context based on watched changes, recomputing project graph...
[NX Daemon Server] - 2024-01-11T10:44:01.640Z - [REQUEST]: src/app/common/forms/user-name-password/user-name-password.component.html,src/app/common/forms/user-name-password/user-name-password.component.spec.ts,src/app/common/forms/user-name-password/user-name-password.component.ts,src/app/common/forms/user-name-password/user-name-password.component.scss
[NX Daemon Server] - 2024-01-11T10:44:01.640Z - [REQUEST]: 
[NX Daemon Server] - 2024-01-11T10:44:01.679Z - Time taken for 'hash changed files from watcher' 1.6308999992907047ms
[NX Daemon Server] - 2024-01-11T10:44:42.887Z - [WATCHER]: src/app/common/forms/user-name-password/user-name-password.component.html was modified
[NX Daemon Server] - 2024-01-11T10:44:42.887Z - [WATCHER]: Processing file changes in outputs
[NX Daemon Server] - 2024-01-11T10:44:43.088Z - [REQUEST]: Updated workspace context based on watched changes, recomputing project graph...
[NX Daemon Server] - 2024-01-11T10:44:43.088Z - [REQUEST]: src/app/common/forms/user-name-password/user-name-password.component.html
[NX Daemon Server] - 2024-01-11T10:44:43.089Z - [REQUEST]: 
[NX Daemon Server] - 2024-01-11T10:44:43.151Z - Time taken for 'hash changed files from watcher' 0.8636999987065792ms
[NX Daemon Server] - 2024-01-11T10:45:20.559Z - [WATCHER]: src/app/common/forms/user-name-password/user-name-password.component.ts was modified
[NX Daemon Server] - 2024-01-11T10:45:20.560Z - [WATCHER]: Processing file changes in outputs
[NX Daemon Server] - 2024-01-11T10:45:20.965Z - [REQUEST]: Updated workspace context based on watched changes, recomputing project graph...
[NX Daemon Server] - 2024-01-11T10:45:20.965Z - [REQUEST]: src/app/common/forms/user-name-password/user-name-password.component.ts
[NX Daemon Server] - 2024-01-11T10:45:20.965Z - [REQUEST]: 
[NX Daemon Server] - 2024-01-11T10:45:21.008Z - Time taken for 'hash changed files from watcher' 1.2016000002622604ms
[NX Daemon Server] - 2024-01-11T10:45:39.719Z - [WATCHER]: src/app/common/forms/user-name-password/user-name-password.component.scss was modified
[NX Daemon Server] - 2024-01-11T10:45:39.719Z - [WATCHER]: Processing file changes in outputs
[NX Daemon Server] - 2024-01-11T10:45:40.527Z - [REQUEST]: Updated workspace context based on watched changes, recomputing project graph...
[NX Daemon Server] - 2024-01-11T10:45:40.527Z - [REQUEST]: src/app/common/forms/user-name-password/user-name-password.component.scss
[NX Daemon Server] - 2024-01-11T10:45:40.527Z - [REQUEST]: 
[NX Daemon Server] - 2024-01-11T10:45:40.568Z - Time taken for 'hash changed files from watcher' 0.2346000000834465ms
[NX Daemon Server] - 2024-01-11T10:46:36.501Z - [WATCHER]: 0 file(s) created or restored, 0 file(s) modified, 6 file(s) deleted
[NX Daemon Server] - 2024-01-11T10:46:36.501Z - [WATCHER]: Processing file changes in outputs
[NX Daemon Server] - 2024-01-11T10:46:36.961Z - [WATCHER]: Processing file changes in outputs
[NX Daemon Server] - 2024-01-11T10:46:37.150Z - [WATCHER]: Processing file changes in outputs
[NX Daemon Server] - 2024-01-11T10:46:38.105Z - [REQUEST]: Updated workspace context based on watched changes, recomputing project graph...
[NX Daemon Server] - 2024-01-11T10:46:38.105Z - [REQUEST]: 
[NX Daemon Server] - 2024-01-11T10:46:38.105Z - [REQUEST]: src/app/forms/user-name-password/user-name-password.component.scss,src/app/forms/user-name-password/user-name-password.component.spec.ts,src/app/forms,src/app/forms/user-name-password/user-name-password.component.html,src/app/forms/user-name-password,src/app/forms/user-name-password/user-name-password.component.ts
[NX Daemon Server] - 2024-01-11T10:46:38.143Z - Time taken for 'hash changed files from watcher' 0.11919999867677689ms
[NX Daemon Server] - 2024-01-11T10:46:38.374Z - [WATCHER]: Processing file changes in outputs
[NX Daemon Server] - 2024-01-11T10:46:38.581Z - [WATCHER]: Processing file changes in outputs
[NX Daemon Server] - 2024-01-11T10:46:38.693Z - [WATCHER]: Processing file changes in outputs
[NX Daemon Server] - 2024-01-11T10:46:38.773Z - [WATCHER]: Processing file changes in outputs
[NX Daemon Server] - 2024-01-11T10:46:59.937Z - [WATCHER]: src/app/app.module.ts was modified
[NX Daemon Server] - 2024-01-11T10:46:59.937Z - [WATCHER]: Processing file changes in outputs
[NX Daemon Server] - 2024-01-11T10:47:00.295Z - [WATCHER]: Processing file changes in outputs
[NX Daemon Server] - 2024-01-11T10:47:00.459Z - [WATCHER]: Processing file changes in outputs
[NX Daemon Server] - 2024-01-11T10:47:03.145Z - [REQUEST]: Updated workspace context based on watched changes, recomputing project graph...
[NX Daemon Server] - 2024-01-11T10:47:03.145Z - [REQUEST]: src/app/app.module.ts
[NX Daemon Server] - 2024-01-11T10:47:03.145Z - [REQUEST]: 
[NX Daemon Server] - 2024-01-11T10:47:03.220Z - Time taken for 'hash changed files from watcher' 0.9376999996602535ms
[NX Daemon Server] - 2024-01-11T10:48:00.713Z - [WATCHER]: Processing file changes in outputs
